commit 0d7271bd204840e1d9799e8bffdde136cbcf7d57 (HEAD -> master, origin/master, origin/HEAD)
Author: Dylan Kan <fanta67@cs.utexas.edu>
Date:   Sat Feb 8 23:21:44 2020 -0600

    code cleanup and formatting with black, passes all hackerrank tests

commit 2358b90602e3325e56fc34515eae449e14281b78
Author: Dylan Kan <fanta67@cs.utexas.edu>
Date:   Sat Feb 8 23:18:27 2020 -0600

    added lazy cache logic, assert changes

commit 7fc6284ffb3a1ee3655e18395c08a958a6d9dae5
Author: Dylan Kan <fanta67@cs.utexas.edu>
Date:   Sat Feb 8 17:23:00 2020 -0600

    do 2 steps at once for odd numbers and added some assertions

commit 2112c110280eaffcaac0f9c9ce272d886ea6af05
Author: Dylan Kan <fanta67@cs.utexas.edu>
Date:   Sat Feb 8 17:15:46 2020 -0600

    small assertion error

commit 40e3ba6ec0021e05871294f831daa791f95f92e5
Author: Dylan Kan <fanta67@cs.utexas.edu>
Date:   Fri Feb 7 13:42:04 2020 -0600

    retry assertion fix and cache initialization

commit 425e20e9fb26e7c366d7d99353cefc02d8219b69
Author: Dylan Kan <fanta67@cs.utexas.edu>
Date:   Fri Feb 7 13:40:44 2020 -0600

    retry optimization from quiz 4

commit faa55b336f123974600e774a4cb2bf5cecf2ddd9
Author: Dylan Kan <fanta67@cs.utexas.edu>
Date:   Fri Feb 7 13:39:37 2020 -0600

    retry optimization from quiz 3

commit 202d6e67c95361c4d449f1b22fb4561fd91a864a
Author: Dylan Kan <fanta67@cs.utexas.edu>
Date:   Fri Feb 7 13:35:52 2020 -0600

    revert to add asserts commit

commit 605bd04949e6c2dfbed5ccc7dfad673c75694819
Author: Dylan Kan <fanta67@cs.utexas.edu>
Date:   Fri Feb 7 13:20:25 2020 -0600

    fixed assertion and initialized cache

commit 13edb69e38ba8d6437483ef266ac2fc2e6cabe6b
Author: Dylan Kan <fanta67@cs.utexas.edu>
Date:   Fri Feb 7 13:04:45 2020 -0600

    optimization from quiz 3

commit 328c426e5f7c9f34c13f466275c515bda719b87c
Author: Dylan Kan <fanta67@cs.utexas.edu>
Date:   Fri Feb 7 13:02:19 2020 -0600

    optimizatino from quiz 4

commit c9d0be9668b1f07edad244d59aa58a6d69f5f27e
Author: Dylan Kan <fanta67@cs.utexas.edu>
Date:   Fri Feb 7 12:51:22 2020 -0600

    added asserts

commit 4042dd0bef783a2eae4ae1fc9e7a89833537be2d
Author: Dylan Kan <fanta67@cs.utexas.edu>
Date:   Tue Feb 4 00:11:22 2020 -0600

    fixed .out file

commit f7cf79df60545d2db2c3499db761bc765650eb0a
Author: Dylan Kan <fanta67@cs.utexas.edu>
Date:   Mon Feb 3 23:28:47 2020 -0600

    fixed tests

commit 08f71955c1ecfea992e80587e3a8ffdd95a0c064
Author: Dylan Kan <fanta67@cs.utexas.edu>
Date:   Mon Feb 3 22:44:56 2020 -0600

    brute force fixed to only timeout on hackerrank

commit 8773a9c96324027df84f4d1982bd87252bf4a227
Author: Dylan Kan <fanta67@cs.utexas.edu>
Date:   Mon Feb 3 11:43:51 2020 -0600

    brute force attempt

commit ed8b4a6fe40f3595381660a12633444e0ac2c76e
Author: Dylan Kan <fanta67@cs.utexas.edu>
Date:   Mon Feb 3 11:28:38 2020 -0600

    Readme and formatting

commit 24f868385b39094fd417682982c665727957af03
Author: Glenn Downing <downing@cs.utexas.edu>
Date:   Tue Jan 28 20:32:44 2020 -0600

    another commit

commit 5b23c7b6491d416a957f3e175f18ae3a255e5d94
Author: Glenn Downing <downing@cs.utexas.edu>
Date:   Tue Jan 28 20:32:19 2020 -0600

    first commit