382066 925142 525
497505 597773 470
53597 14209 340
797199 106830 509
706116 970126 525
59417 39451 340
165040 332423 443
887040 818379 525
461391 665707 509
657171 233712 509
56197 380991 443
439160 382373 449
289644 850976 525
420646 920082 525
628519 836741 504
142237 639552 509
706641 181451 509
751740 932076 525
957425 541805 525
95332 52337 351
70061 213718 383
304611 708037 509
683746 202997 509
5372 661882 509
519325 538405 408
387800 757682 509
114347 965321 525
652511 65844 509
973808 180200 525
852964 816714 525
492262 832564 509
655697 33135 509
335259 153348 443
936700 793389 525
558520 789712 509
563038 561198 359
60576 563085 470
453126 832658 509
191759 147087 383
189158 711309 509
212541 359148 443
376275 318394 441
389662 82739 443
954694 398062 525
39589 939075 525
982965 178101 525
794360 335117 509
382545 895890 525
254942 444567 449
91566 258025 443
503570 556152 470
876309 726631 525
741975 571109 509
920199 465183 525
385985 652387 509
873779 581199 525
19967 510191 449
717537 795293 468
708260 710880 380
807309 212477 509
296232 456134 449
657878 810346 504
97578 793865 509
255641 142914 443
383912 950355 525
66781 872106 525
248861 584820 470
34947 25055 311
95223 250207 443
947386 622851 525
890421 961166 507
986556 280294 525
165070 132471 383
286251 995794 525
393957 77114 443
614646 358557 470
91193 262217 443
29824 72769 340
447695 855960 525
366650 537434 470
977202 234570 525
360909 853429 525
357555 298138 441
575435 822037 509
163157 462674 449
793146 173947 509
500424 535729 470
168583 670047 509
853038 162526 525
355536 735465 509
15453 853684 525
574733 638751 509
627184 527814 509
401715 894018 525
148270 57117 375
498410 894399 525
92425 44333 351
895407 973993 507
478899 548531 470
83250 933051 525
656170 190468 509
708668 668474 504
132035 124177 344
833885 705689 468
650851 34710 509
782471 858364 525
399565 805226 509
66875 306357 443
984389 121262 525
637027 306508 509
496812 737319 509
495810 56550 449
749197 720566 424
830797 17491 509
472177 727388 509
931825 143183 525
338327 262569 407
511284 77055 449
267634 630662 509
73031 477138 449
115065 914593 525
737536 724595 424
204043 452104 449
893955 336543 525
303120 434737 449
615092 917225 525
950411 380418 525
504609 588252 470
951190 752292 525
922465 861271 476
62073 11262 340
467077 42811 449
977186 863875 507
851088 824565 525
746510 931753 525
383060 506456 449
485751 880648 525
131003 701938 509
299954 66608 443
322450 963316 525
354039 814947 509
104839 389137 443
533926 877367 525
304369 210917 443
964077 949888 414
878469 272306 525
814009 790107 468
834303 684264 504
975967 568927 525
686641 473520 509
799686 271473 509
251572 906665 525
37502 787414 509
376885 908837 525
852074 524110 525
599217 837610 509
949803 119912 525
590730 996296 525
583786 552426 421
723851 801972 468
286787 41299 443
613106 866081 525
279829 271311 389
641802 472078 509
423368 820565 509
726701 129158 509
916122 927661 476
339551 725918 509
383761 243103 441
342343 187254 443
289267 637144 509
43081 828126 509
118010 999858 525
103480 153126 375
419293 503649 444
130487 245463 443
347495 152492 443
398291 925485 525
443890 296911 449
373430 934 443
663004 293723 509
241179 661797 509
619702 675856 509
547843 339586 470
164660 71505 383
992020 603041 525
505871 827003 509
371926 403216 436
839352 601513 525
878895 937285 476
746111 285685 509
391701 845678 525
266859 307435 407
402945 290073 441
668559 993046 525
567291 165254 470
699169 749104 504
943496 185180 525
224737 66007 386
29680 168669 383
123050 40837 354
976340 618728 525
852684 567538 525
782207 275953 509
824594 812380 450
707762 748549 424
615438 544085 452
620227 612927 447
534206 470365 470
422318 676505 509
113755 477244 449
61068 548366 470
311765 929764 525
360450 853198 525
829983 750068 468
738139 432793 509
337031 428598 449
699406 583853 509
816427 972450 525
630676 313045 509
436309 919249 525
657035 295115 509
381573 306176 441
261620 249003 363
512214 275958 470
704358 721109 504
810867 116434 509
334123 195186 443
214810 788193 509
440848 887461 525
310848 175448 443
335987 520659 470
232255 474723 449
664759 242816 509
175592 679457 509
325913 456217 449
118495 133473 344
241007 16901 443
281256 404463 441
472992 453531 444
648423 811511 504
574816 873456 525
570990 611807 434
416663 264766 449
375819 111304 443
538759 98178 470
154995 767019 509
341406 92279 443
828408 91471 509
621112 498198 470
